# JRE version: Java(TM) SE Runtime Environment (21.0.2+13) (build 21.0.2+13-LTS-58)
# Java VM: Java HotSpot(TM) 64-Bit Server VM (21.0.2+13-LTS-58, mixed mode, sharing, tiered, compressed oops, compressed class ptrs, g1 gc, windows-amd64)
GC Precious Log:
 CardTable entry size: 512
 Card Set container configuration: InlinePtr #cards 5 size 8 Array Of Cards #cards 12 size 40 Howl #buckets 4 coarsen threshold 1843 Howl Bitmap #cards 512 size 80 coarsen threshold 460 Card regions per heap region 1 cards per card region 2048
 CPUs: 4 total, 4 available
 Memory: 8078M
 Large Page Support: Disabled
 NUMA Support: Disabled
 Compressed Oops: Enabled (32-bit)
 Heap Region Size: 1M
 Heap Min Capacity: 8M
 Heap Initial Capacity: 128M
 Heap Max Capacity: 2020M
 Pre-touch: Disabled
 Parallel Workers: 4
 Concurrent Workers: 1
 Concurrent Refinement Workers: 4
 Periodic GC: Disabled
Heap:
 garbage-first heap   total 70656K, used 38444K [0x0000000081c00000, 0x0000000100000000)
  region size 1024K, 8 young (8192K), 3 survivors (3072K)
 Metaspace       used 69633K, committed 70400K, reserved 1114112K
  class space    used 9176K, committed 9536K, reserved 1048576K
GC Heap History (20 events):
Event: 7.138 GC heap before
{Heap before GC invocations=6 (full 0):
 garbage-first heap   total 58368K, used 44888K [0x0000000081c00000, 0x0000000100000000)
  region size 1024K, 30 young (30720K), 3 survivors (3072K)
 Metaspace       used 29717K, committed 30272K, reserved 1114112K
  class space    used 3694K, committed 3968K, reserved 1048576K
}
Event: 7.146 GC heap after
{Heap after GC invocations=7 (full 0):
 garbage-first heap   total 58368K, used 19726K [0x0000000081c00000, 0x0000000100000000)
  region size 1024K, 4 young (4096K), 4 survivors (4096K)
 Metaspace       used 29717K, committed 30272K, reserved 1114112K
  class space    used 3694K, committed 3968K, reserved 1048576K
}
Event: 8.173 GC heap before
{Heap before GC invocations=7 (full 0):
 garbage-first heap   total 58368K, used 46350K [0x0000000081c00000, 0x0000000100000000)
  region size 1024K, 31 young (31744K), 4 survivors (4096K)
 Metaspace       used 33908K, committed 34432K, reserved 1114112K
  class space    used 4145K, committed 4352K, reserved 1048576K
}
Event: 8.183 GC heap after
{Heap after GC invocations=8 (full 0):
 garbage-first heap   total 58368K, used 22284K [0x0000000081c00000, 0x0000000100000000)
  region size 1024K, 3 young (3072K), 3 survivors (3072K)
 Metaspace       used 33908K, committed 34432K, reserved 1114112K
  class space    used 4145K, committed 4352K, reserved 1048576K
}
Event: 8.583 GC heap before
{Heap before GC invocations=8 (full 0):
 garbage-first heap   total 58368K, used 28428K [0x0000000081c00000, 0x0000000100000000)
  region size 1024K, 10 young (10240K), 3 survivors (3072K)
 Metaspace       used 35467K, committed 35968K, reserved 1114112K
  class space    used 4338K, committed 4544K, reserved 1048576K
}
Event: 8.587 GC heap after
{Heap after GC invocations=9 (full 0):
 garbage-first heap   total 58368K, used 22575K [0x0000000081c00000, 0x0000000100000000)
  region size 1024K, 3 young (3072K), 3 survivors (3072K)
 Metaspace       used 35467K, committed 35968K, reserved 1114112K
  class space    used 4338K, committed 4544K, reserved 1048576K
}
Event: 10.066 GC heap before
{Heap before GC invocations=10 (full 0):
 garbage-first heap   total 58368K, used 49199K [0x0000000081c00000, 0x0000000100000000)
  region size 1024K, 29 young (29696K), 3 survivors (3072K)
 Metaspace       used 41637K, committed 42240K, reserved 1114112K
  class space    used 5331K, committed 5632K, reserved 1048576K
}
Event: 10.073 GC heap after
{Heap after GC invocations=11 (full 0):
 garbage-first heap   total 58368K, used 24287K [0x0000000081c00000, 0x0000000100000000)
  region size 1024K, 3 young (3072K), 3 survivors (3072K)
 Metaspace       used 41637K, committed 42240K, reserved 1114112K
  class space    used 5331K, committed 5632K, reserved 1048576K
}
Event: 12.003 GC heap before
{Heap before GC invocations=11 (full 0):
 garbage-first heap   total 58368K, used 49887K [0x0000000081c00000, 0x0000000100000000)
  region size 1024K, 28 young (28672K), 3 survivors (3072K)
 Metaspace       used 50464K, committed 51136K, reserved 1114112K
  class space    used 6411K, committed 6720K, reserved 1048576K
}
Event: 12.010 GC heap after
{Heap after GC invocations=12 (full 0):
 garbage-first heap   total 58368K, used 26771K [0x0000000081c00000, 0x0000000100000000)
  region size 1024K, 4 young (4096K), 4 survivors (4096K)
 Metaspace       used 50464K, committed 51136K, reserved 1114112K
  class space    used 6411K, committed 6720K, reserved 1048576K
}
Event: 12.979 GC heap before
{Heap before GC invocations=12 (full 0):
 garbage-first heap   total 58368K, used 48275K [0x0000000081c00000, 0x0000000100000000)
  region size 1024K, 26 young (26624K), 4 survivors (4096K)
 Metaspace       used 56986K, committed 57600K, reserved 1114112K
  class space    used 7305K, committed 7616K, reserved 1048576K
}
Event: 12.986 GC heap after
{Heap after GC invocations=13 (full 0):
 garbage-first heap   total 58368K, used 28090K [0x0000000081c00000, 0x0000000100000000)
  region size 1024K, 2 young (2048K), 2 survivors (2048K)
 Metaspace       used 56986K, committed 57600K, reserved 1114112K
  class space    used 7305K, committed 7616K, reserved 1048576K
}
Event: 13.394 GC heap before
{Heap before GC invocations=13 (full 0):
 garbage-first heap   total 58368K, used 39354K [0x0000000081c00000, 0x0000000100000000)
  region size 1024K, 14 young (14336K), 2 survivors (2048K)
 Metaspace       used 59671K, committed 60288K, reserved 1114112K
  class space    used 7808K, committed 8128K, reserved 1048576K
}
Event: 13.397 GC heap after
{Heap after GC invocations=14 (full 0):
 garbage-first heap   total 58368K, used 28352K [0x0000000081c00000, 0x0000000100000000)
  region size 1024K, 2 young (2048K), 2 survivors (2048K)
 Metaspace       used 59671K, committed 60288K, reserved 1114112K
  class space    used 7808K, committed 8128K, reserved 1048576K
}
Event: 14.202 GC heap before
{Heap before GC invocations=15 (full 0):
 garbage-first heap   total 58368K, used 50880K [0x0000000081c00000, 0x0000000100000000)
  region size 1024K, 24 young (24576K), 2 survivors (2048K)
 Metaspace       used 64239K, committed 64832K, reserved 1114112K
  class space    used 8431K, committed 8704K, reserved 1048576K
}
Event: 14.213 GC heap after
{Heap after GC invocations=16 (full 0):
 garbage-first heap   total 58368K, used 30316K [0x0000000081c00000, 0x0000000100000000)
  region size 1024K, 3 young (3072K), 3 survivors (3072K)
 Metaspace       used 64239K, committed 64832K, reserved 1114112K
  class space    used 8431K, committed 8704K, reserved 1048576K
}
Event: 14.858 GC heap before
{Heap before GC invocations=16 (full 0):
 garbage-first heap   total 58368K, used 49772K [0x0000000081c00000, 0x0000000100000000)
  region size 1024K, 22 young (22528K), 3 survivors (3072K)
 Metaspace       used 66670K, committed 67392K, reserved 1114112K
  class space    used 8764K, committed 9088K, reserved 1048576K
}
Event: 14.866 GC heap after
{Heap after GC invocations=17 (full 0):
 garbage-first heap   total 58368K, used 31750K [0x0000000081c00000, 0x0000000100000000)
  region size 1024K, 2 young (2048K), 2 survivors (2048K)
 Metaspace       used 66670K, committed 67392K, reserved 1114112K
  class space    used 8764K, committed 9088K, reserved 1048576K
}
Event: 15.809 GC heap before
{Heap before GC invocations=17 (full 0):
 garbage-first heap   total 58368K, used 51206K [0x0000000081c00000, 0x0000000100000000)
  region size 1024K, 21 young (21504K), 2 survivors (2048K)
 Metaspace       used 69062K, committed 69824K, reserved 1114112K
  class space    used 9104K, committed 9472K, reserved 1048576K
}
Event: 15.817 GC heap after
{Heap after GC invocations=18 (full 0):
 garbage-first heap   total 70656K, used 34348K [0x0000000081c00000, 0x0000000100000000)
  region size 1024K, 3 young (3072K), 3 survivors (3072K)
 Metaspace       used 69062K, committed 69824K, reserved 1114112K
  class space    used 9104K, committed 9472K, reserved 1048576K
}

